{"/Users/chenqinfeng/Desktop/Projects/expense-tracker/client/components/ErrorBoundary.tsx": {"path":"/Users/chenqinfeng/Desktop/Projects/expense-tracker/client/components/ErrorBoundary.tsx","statementMap":{"0":{"start":{"line":19,"column":4},"end":{"line":19,"column":null}},"1":{"start":{"line":42,"column":2},"end":{"line":44,"column":null}},"2":{"start":{"line":43,"column":4},"end":{"line":43,"column":null}},"3":{"start":{"line":20,"column":4},"end":{"line":20,"column":null}},"4":{"start":{"line":24,"column":4},"end":{"line":24,"column":null}},"5":{"start":{"line":29,"column":4},"end":{"line":29,"column":null}},"6":{"start":{"line":31,"column":4},"end":{"line":34,"column":null}},"7":{"start":{"line":47,"column":4},"end":{"line":110,"column":null}},"8":{"start":{"line":49,"column":6},"end":{"line":108,"column":null}},"9":{"start":{"line":103,"column":29},"end":{"line":103,"column":null}},"10":{"start":{"line":112,"column":4},"end":{"line":112,"column":null}}},"fnMap":{"0":{"name":"(anonymous_0)","decl":{"start":{"line":18,"column":2},"end":{"line":18,"column":14}},"loc":{"start":{"line":18,"column":41},"end":{"line":21,"column":null}},"line":18},"1":{"name":"(anonymous_1)","decl":{"start":{"line":42,"column":16},"end":{"line":42,"column":22}},"loc":{"start":{"line":42,"column":22},"end":{"line":44,"column":null}},"line":42},"2":{"name":"(anonymous_2)","decl":{"start":{"line":23,"column":9},"end":{"line":23,"column":34}},"loc":{"start":{"line":23,"column":78},"end":{"line":25,"column":null}},"line":23},"3":{"name":"(anonymous_3)","decl":{"start":{"line":27,"column":2},"end":{"line":27,"column":20}},"loc":{"start":{"line":27,"column":56},"end":{"line":40,"column":null}},"line":27},"4":{"name":"(anonymous_4)","decl":{"start":{"line":46,"column":2},"end":{"line":46,"column":11}},"loc":{"start":{"line":46,"column":11},"end":{"line":113,"column":null}},"line":46},"5":{"name":"(anonymous_5)","decl":{"start":{"line":103,"column":23},"end":{"line":103,"column":29}},"loc":{"start":{"line":103,"column":29},"end":{"line":103,"column":null}},"line":103}},"branchMap":{"0":{"loc":{"start":{"line":47,"column":4},"end":{"line":110,"column":null}},"type":"if","locations":[{"start":{"line":47,"column":4},"end":{"line":110,"column":null}},{"start":{},"end":{}}],"line":47},"1":{"loc":{"start":{"line":63,"column":13},"end":{"line":63,"column":null}},"type":"binary-expr","locations":[{"start":{"line":63,"column":13},"end":{"line":63,"column":33}},{"start":{"line":63,"column":33},"end":{"line":63,"column":null}}],"line":63},"2":{"loc":{"start":{"line":66,"column":13},"end":{"line":66,"column":null}},"type":"binary-expr","locations":[{"start":{"line":66,"column":13},"end":{"line":66,"column":35}},{"start":{"line":66,"column":35},"end":{"line":66,"column":null}}],"line":66},"3":{"loc":{"start":{"line":69,"column":11},"end":{"line":91,"column":null}},"type":"binary-expr","locations":[{"start":{"line":69,"column":11},"end":{"line":69,"column":53}},{"start":{"line":69,"column":53},"end":{"line":69,"column":null}},{"start":{"line":70,"column":12},"end":{"line":91,"column":null}}],"line":69}},"s":{"0":12,"1":12,"2":1,"3":12,"4":10,"5":5,"6":5,"7":28,"8":15,"9":0,"10":13},"f":{"0":12,"1":1,"2":1,"3":5,"4":28,"5":0},"b":{"0":[15,13],"1":[15,12],"2":[15,12],"3":[15,0,0]},"meta":{"lastBranch":4,"lastFunction":6,"lastStatement":11,"seen":{"f:18:2:18:14":0,"s:19:4:19:Infinity":0,"s:42:2:44:Infinity":1,"f:42:16:42:22":1,"s:43:4:43:Infinity":2,"s:20:4:20:Infinity":3,"f:23:9:23:34":2,"s:24:4:24:Infinity":4,"f:27:2:27:20":3,"s:29:4:29:Infinity":5,"s:31:4:34:Infinity":6,"f:46:2:46:11":4,"b:47:4:110:Infinity:undefined:undefined:undefined:undefined":0,"s:47:4:110:Infinity":7,"s:49:6:108:Infinity":8,"b:63:13:63:33:63:33:63:Infinity":1,"b:66:13:66:35:66:35:66:Infinity":2,"b:69:11:69:53:69:53:69:Infinity:70:12:91:Infinity":3,"f:103:23:103:29":5,"s:103:29:103:Infinity":9,"s:112:4:112:Infinity":10}}}
,"/Users/chenqinfeng/Desktop/Projects/expense-tracker/client/components/SkeletonLoader.tsx": {"path":"/Users/chenqinfeng/Desktop/Projects/expense-tracker/client/components/SkeletonLoader.tsx","statementMap":{"0":{"start":{"line":8,"column":2},"end":{"line":20,"column":null}},"1":{"start":{"line":30,"column":2},"end":{"line":42,"column":null}},"2":{"start":{"line":47,"column":2},"end":{"line":58,"column":null}},"3":{"start":{"line":68,"column":2},"end":{"line":79,"column":null}},"4":{"start":{"line":77,"column":8},"end":{"line":77,"column":null}},"5":{"start":{"line":84,"column":0},"end":{"line":100,"column":null}},"6":{"start":{"line":85,"column":16},"end":{"line":85,"column":null}},"7":{"start":{"line":86,"column":2},"end":{"line":86,"column":null}},"8":{"start":{"line":96,"column":2},"end":{"line":99,"column":null}},"9":{"start":{"line":97,"column":4},"end":{"line":97,"column":null}},"10":{"start":{"line":98,"column":4},"end":{"line":98,"column":null}}},"fnMap":{"0":{"name":"SkeletonCard","decl":{"start":{"line":7,"column":16},"end":{"line":7,"column":29}},"loc":{"start":{"line":7,"column":70},"end":{"line":22,"column":null}},"line":7},"1":{"name":"SkeletonText","decl":{"start":{"line":29,"column":16},"end":{"line":29,"column":29}},"loc":{"start":{"line":29,"column":85},"end":{"line":44,"column":null}},"line":29},"2":{"name":"SkeletonExpenseRow","decl":{"start":{"line":46,"column":16},"end":{"line":46,"column":37}},"loc":{"start":{"line":46,"column":37},"end":{"line":60,"column":null}},"line":46},"3":{"name":"SkeletonGrid","decl":{"start":{"line":67,"column":16},"end":{"line":67,"column":29}},"loc":{"start":{"line":67,"column":76},"end":{"line":81,"column":null}},"line":67},"4":{"name":"(anonymous_4)","decl":{"start":{"line":76,"column":41},"end":{"line":76,"column":42}},"loc":{"start":{"line":77,"column":8},"end":{"line":77,"column":null}},"line":77}},"branchMap":{"0":{"loc":{"start":{"line":7,"column":31},"end":{"line":7,"column":48}},"type":"default-arg","locations":[{"start":{"line":7,"column":40},"end":{"line":7,"column":48}}],"line":7},"1":{"loc":{"start":{"line":29,"column":31},"end":{"line":29,"column":47}},"type":"default-arg","locations":[{"start":{"line":29,"column":39},"end":{"line":29,"column":47}}],"line":29},"2":{"loc":{"start":{"line":29,"column":47},"end":{"line":29,"column":63}},"type":"default-arg","locations":[{"start":{"line":29,"column":56},"end":{"line":29,"column":63}}],"line":29},"3":{"loc":{"start":{"line":67,"column":31},"end":{"line":67,"column":42}},"type":"default-arg","locations":[{"start":{"line":67,"column":39},"end":{"line":67,"column":42}}],"line":67},"4":{"loc":{"start":{"line":67,"column":42},"end":{"line":67,"column":54}},"type":"default-arg","locations":[{"start":{"line":67,"column":52},"end":{"line":67,"column":54}}],"line":67},"5":{"loc":{"start":{"line":84,"column":0},"end":{"line":100,"column":null}},"type":"if","locations":[{"start":{"line":84,"column":0},"end":{"line":100,"column":null}},{"start":{},"end":{}}],"line":84},"6":{"loc":{"start":{"line":96,"column":2},"end":{"line":99,"column":null}},"type":"if","locations":[{"start":{"line":96,"column":2},"end":{"line":99,"column":null}},{"start":{},"end":{}}],"line":96}},"s":{"0":18,"1":9,"2":2,"3":4,"4":14,"5":1,"6":1,"7":1,"8":1,"9":1,"10":1},"f":{"0":18,"1":9,"2":2,"3":4,"4":14},"b":{"0":[18],"1":[9],"2":[9],"3":[4],"4":[4],"5":[1,0],"6":[1,0]},"meta":{"lastBranch":7,"lastFunction":5,"lastStatement":11,"seen":{"f:7:16:7:29":0,"b:7:40:7:48":0,"s:8:2:20:Infinity":0,"f:29:16:29:29":1,"b:29:39:29:47":1,"b:29:56:29:63":2,"s:30:2:42:Infinity":1,"f:46:16:46:37":2,"s:47:2:58:Infinity":2,"f:67:16:67:29":3,"b:67:39:67:42":3,"b:67:52:67:54":4,"s:68:2:79:Infinity":3,"f:76:41:76:42":4,"s:77:8:77:Infinity":4,"b:84:0:100:Infinity:undefined:undefined:undefined:undefined":5,"s:84:0:100:Infinity":5,"s:85:16:85:Infinity":6,"s:86:2:86:Infinity":7,"b:96:2:99:Infinity:undefined:undefined:undefined:undefined":6,"s:96:2:99:Infinity":8,"s:97:4:97:Infinity":9,"s:98:4:98:Infinity":10}}}
,"/Users/chenqinfeng/Desktop/Projects/expense-tracker/client/components/SkipToMain.tsx": {"path":"/Users/chenqinfeng/Desktop/Projects/expense-tracker/client/components/SkipToMain.tsx","statementMap":{"0":{"start":{"line":6,"column":22},"end":{"line":9,"column":null}},"1":{"start":{"line":7,"column":4},"end":{"line":7,"column":null}},"2":{"start":{"line":8,"column":4},"end":{"line":8,"column":null}},"3":{"start":{"line":11,"column":21},"end":{"line":14,"column":null}},"4":{"start":{"line":12,"column":4},"end":{"line":12,"column":null}},"5":{"start":{"line":13,"column":4},"end":{"line":13,"column":null}},"6":{"start":{"line":16,"column":2},"end":{"line":35,"column":null}}},"fnMap":{"0":{"name":"SkipToMain","decl":{"start":{"line":5,"column":24},"end":{"line":5,"column":37}},"loc":{"start":{"line":5,"column":37},"end":{"line":37,"column":null}},"line":5},"1":{"name":"(anonymous_1)","decl":{"start":{"line":6,"column":22},"end":{"line":6,"column":23}},"loc":{"start":{"line":6,"column":60},"end":{"line":9,"column":null}},"line":6},"2":{"name":"(anonymous_2)","decl":{"start":{"line":11,"column":21},"end":{"line":11,"column":22}},"loc":{"start":{"line":11,"column":59},"end":{"line":14,"column":null}},"line":11}},"branchMap":{},"s":{"0":6,"1":2,"2":2,"3":6,"4":1,"5":1,"6":6},"f":{"0":6,"1":2,"2":1},"b":{},"meta":{"lastBranch":0,"lastFunction":3,"lastStatement":7,"seen":{"f:5:24:5:37":0,"s:6:22:9:Infinity":0,"f:6:22:6:23":1,"s:7:4:7:Infinity":1,"s:8:4:8:Infinity":2,"s:11:21:14:Infinity":3,"f:11:21:11:22":2,"s:12:4:12:Infinity":4,"s:13:4:13:Infinity":5,"s:16:2:35:Infinity":6}}}
,"/Users/chenqinfeng/Desktop/Projects/expense-tracker/client/components/Spinner.tsx": {"path":"/Users/chenqinfeng/Desktop/Projects/expense-tracker/client/components/Spinner.tsx","statementMap":{"0":{"start":{"line":10,"column":51},"end":{"line":14,"column":null}},"1":{"start":{"line":16,"column":53},"end":{"line":20,"column":null}},"2":{"start":{"line":22,"column":2},"end":{"line":74,"column":null}}},"fnMap":{"0":{"name":"Spinner","decl":{"start":{"line":9,"column":24},"end":{"line":9,"column":32}},"loc":{"start":{"line":9,"column":86},"end":{"line":76,"column":null}},"line":9}},"branchMap":{"0":{"loc":{"start":{"line":9,"column":34},"end":{"line":9,"column":51}},"type":"default-arg","locations":[{"start":{"line":9,"column":41},"end":{"line":9,"column":51}}],"line":9},"1":{"loc":{"start":{"line":9,"column":51},"end":{"line":9,"column":69}},"type":"default-arg","locations":[{"start":{"line":9,"column":59},"end":{"line":9,"column":69}}],"line":9}},"s":{"0":5,"1":5,"2":5},"f":{"0":5},"b":{"0":[5],"1":[5]},"meta":{"lastBranch":2,"lastFunction":1,"lastStatement":3,"seen":{"f:9:24:9:32":0,"b:9:41:9:51":0,"b:9:59:9:69":1,"s:10:51:14:Infinity":0,"s:16:53:20:Infinity":1,"s:22:2:74:Infinity":2}}}
,"/Users/chenqinfeng/Desktop/Projects/expense-tracker/client/lib/format.ts": {"path":"/Users/chenqinfeng/Desktop/Projects/expense-tracker/client/lib/format.ts","statementMap":{"0":{"start":{"line":1,"column":26},"end":{"line":4,"column":null}},"1":{"start":{"line":7,"column":20},"end":{"line":7,"column":null}},"2":{"start":{"line":8,"column":2},"end":{"line":8,"column":null}},"3":{"start":{"line":12,"column":2},"end":{"line":14,"column":null}},"4":{"start":{"line":13,"column":4},"end":{"line":13,"column":null}},"5":{"start":{"line":16,"column":15},"end":{"line":16,"column":null}},"6":{"start":{"line":17,"column":2},"end":{"line":19,"column":null}},"7":{"start":{"line":18,"column":4},"end":{"line":18,"column":null}},"8":{"start":{"line":21,"column":2},"end":{"line":25,"column":null}}},"fnMap":{"0":{"name":"formatCurrency","decl":{"start":{"line":6,"column":16},"end":{"line":6,"column":31}},"loc":{"start":{"line":6,"column":54},"end":{"line":9,"column":null}},"line":6},"1":{"name":"formatDate","decl":{"start":{"line":11,"column":16},"end":{"line":11,"column":27}},"loc":{"start":{"line":11,"column":76},"end":{"line":26,"column":null}},"line":11}},"branchMap":{"0":{"loc":{"start":{"line":7,"column":20},"end":{"line":7,"column":null}},"type":"cond-expr","locations":[{"start":{"line":7,"column":45},"end":{"line":7,"column":53}},{"start":{"line":7,"column":53},"end":{"line":7,"column":null}}],"line":7},"1":{"loc":{"start":{"line":12,"column":2},"end":{"line":14,"column":null}},"type":"if","locations":[{"start":{"line":12,"column":2},"end":{"line":14,"column":null}},{"start":{},"end":{}}],"line":12},"2":{"loc":{"start":{"line":17,"column":2},"end":{"line":19,"column":null}},"type":"if","locations":[{"start":{"line":17,"column":2},"end":{"line":19,"column":null}},{"start":{},"end":{}}],"line":17},"3":{"loc":{"start":{"line":18,"column":11},"end":{"line":18,"column":null}},"type":"cond-expr","locations":[{"start":{"line":18,"column":39},"end":{"line":18,"column":47}},{"start":{"line":18,"column":47},"end":{"line":18,"column":null}}],"line":18}},"s":{"0":1,"1":11,"2":11,"3":10,"4":3,"5":7,"6":7,"7":2,"8":5},"f":{"0":11,"1":10},"b":{"0":[11,0],"1":[3,7],"2":[2,5],"3":[2,0]},"meta":{"lastBranch":4,"lastFunction":2,"lastStatement":9,"seen":{"s:1:26:4:Infinity":0,"f:6:16:6:31":0,"s:7:20:7:Infinity":1,"b:7:45:7:53:7:53:7:Infinity":0,"s:8:2:8:Infinity":2,"f:11:16:11:27":1,"b:12:2:14:Infinity:undefined:undefined:undefined:undefined":1,"s:12:2:14:Infinity":3,"s:13:4:13:Infinity":4,"s:16:15:16:Infinity":5,"b:17:2:19:Infinity:undefined:undefined:undefined:undefined":2,"s:17:2:19:Infinity":6,"s:18:4:18:Infinity":7,"b:18:39:18:47:18:47:18:Infinity":3,"s:21:2:25:Infinity":8}}}
}
